{"sessionId":"575bc2","runId":"run-post-fix-1","hypothesisId":"H1","location":"index.php:bootstrap","message":"Front controller entry","data":{"dir":"C:\\xampp\\htdocs\\renaissance-front","uri":"/renaissance-front/index.php?page=accueil","queryPage":"accueil"},"timestamp":1774005738689}
{"sessionId":"575bc2","runId":"run-post-fix-1","hypothesisId":"H4","location":"index.php:sanitize","message":"Page demandee after sanitize","data":{"pageDemandee":"accueil"},"timestamp":1774005738690}
{"sessionId":"575bc2","runId":"run-post-fix-1","hypothesisId":"H4","location":"index.php:whitelist","message":"Whitelist resolution","data":{"pageDemandee":"accueil","inWhitelist":true},"timestamp":1774005738691}
{"sessionId":"575bc2","runId":"run-post-fix-1","hypothesisId":"H2","location":"index.php:view-path","message":"Computed view path","data":{"cheminFichierVue":"C:\\xampp\\htdocs\\renaissance-front/Views/accueil.php","existsBeforeFallback":true},"timestamp":1774005738692}
{"sessionId":"575bc2","runId":"run-post-fix-1","hypothesisId":"H3","location":"index.php:fallback","message":"Final resolved view path","data":{"pageDemandeeFinale":"accueil","cheminFichierVueFinal":"C:\\xampp\\htdocs\\renaissance-front/Views/accueil.php","existsFinal":true},"timestamp":1774005738692}
{"sessionId":"575bc2","runId":"run-post-fix-1","hypothesisId":"H1","location":"index.php:bootstrap","message":"Front controller entry","data":{"dir":"C:\\xampp\\htdocs\\renaissance-front","uri":"/renaissance-front/index.php?page=login","queryPage":"login"},"timestamp":1774005738733}
{"sessionId":"575bc2","runId":"run-post-fix-1","hypothesisId":"H4","location":"index.php:sanitize","message":"Page demandee after sanitize","data":{"pageDemandee":"login"},"timestamp":1774005738733}
{"sessionId":"575bc2","runId":"run-post-fix-1","hypothesisId":"H4","location":"index.php:whitelist","message":"Whitelist resolution","data":{"pageDemandee":"login","inWhitelist":true},"timestamp":1774005738734}
{"sessionId":"575bc2","runId":"run-post-fix-1","hypothesisId":"H2","location":"index.php:view-path","message":"Computed view path","data":{"cheminFichierVue":"C:\\xampp\\htdocs\\renaissance-front/Views/login.php","existsBeforeFallback":true},"timestamp":1774005738735}
{"sessionId":"575bc2","runId":"run-post-fix-1","hypothesisId":"H3","location":"index.php:fallback","message":"Final resolved view path","data":{"pageDemandeeFinale":"login","cheminFichierVueFinal":"C:\\xampp\\htdocs\\renaissance-front/Views/login.php","existsFinal":true},"timestamp":1774005738735}
{"sessionId":"575bc2","runId":"run-post-fix-1","hypothesisId":"H1","location":"index.php:bootstrap","message":"Front controller entry","data":{"dir":"C:\\xampp\\htdocs\\renaissance-front","uri":"/renaissance-front/index.php?page=inscription","queryPage":"inscription"},"timestamp":1774005738801}
{"sessionId":"575bc2","runId":"run-post-fix-1","hypothesisId":"H4","location":"index.php:sanitize","message":"Page demandee after sanitize","data":{"pageDemandee":"inscription"},"timestamp":1774005738801}
{"sessionId":"575bc2","runId":"run-post-fix-1","hypothesisId":"H4","location":"index.php:whitelist","message":"Whitelist resolution","data":{"pageDemandee":"inscription","inWhitelist":true},"timestamp":1774005738802}
{"sessionId":"575bc2","runId":"run-post-fix-1","hypothesisId":"H2","location":"index.php:view-path","message":"Computed view path","data":{"cheminFichierVue":"C:\\xampp\\htdocs\\renaissance-front/Views/inscription.php","existsBeforeFallback":true},"timestamp":1774005738803}
{"sessionId":"575bc2","runId":"run-post-fix-1","hypothesisId":"H3","location":"index.php:fallback","message":"Final resolved view path","data":{"pageDemandeeFinale":"inscription","cheminFichierVueFinal":"C:\\xampp\\htdocs\\renaissance-front/Views/inscription.php","existsFinal":true},"timestamp":1774005738803}
{"sessionId":"575bc2","runId":"run-post-fix-1","hypothesisId":"H1","location":"index.php:bootstrap","message":"Front controller entry","data":{"dir":"C:\\xampp\\htdocs\\renaissance-front","uri":"/renaissance-front/index.php?page=membre/dashboard","queryPage":"membre/dashboard"},"timestamp":1774005738849}
{"sessionId":"575bc2","runId":"run-post-fix-1","hypothesisId":"H4","location":"index.php:sanitize","message":"Page demandee after sanitize","data":{"pageDemandee":"membre/dashboard"},"timestamp":1774005738850}
{"sessionId":"575bc2","runId":"run-post-fix-1","hypothesisId":"H4","location":"index.php:whitelist","message":"Whitelist resolution","data":{"pageDemandee":"membre/dashboard","inWhitelist":true},"timestamp":1774005738851}
{"sessionId":"575bc2","runId":"run-post-fix-1","hypothesisId":"H2","location":"index.php:view-path","message":"Computed view path","data":{"cheminFichierVue":"C:\\xampp\\htdocs\\renaissance-front/Views/membre/dashboard.php","existsBeforeFallback":true},"timestamp":1774005738851}
{"sessionId":"575bc2","runId":"run-post-fix-1","hypothesisId":"H3","location":"index.php:fallback","message":"Final resolved view path","data":{"pageDemandeeFinale":"membre/dashboard","cheminFichierVueFinal":"C:\\xampp\\htdocs\\renaissance-front/Views/membre/dashboard.php","existsFinal":true},"timestamp":1774005738852}
{"sessionId":"575bc2","runId":"run-post-fix-1","hypothesisId":"H1","location":"index.php:bootstrap","message":"Front controller entry","data":{"dir":"C:\\xampp\\htdocs\\renaissance-front","uri":"/renaissance-front/index.php?page=membre/profil","queryPage":"membre/profil"},"timestamp":1774005738887}
{"sessionId":"575bc2","runId":"run-post-fix-1","hypothesisId":"H4","location":"index.php:sanitize","message":"Page demandee after sanitize","data":{"pageDemandee":"membre/profil"},"timestamp":1774005738887}
{"sessionId":"575bc2","runId":"run-post-fix-1","hypothesisId":"H4","location":"index.php:whitelist","message":"Whitelist resolution","data":{"pageDemandee":"membre/profil","inWhitelist":true},"timestamp":1774005738888}
{"sessionId":"575bc2","runId":"run-post-fix-1","hypothesisId":"H2","location":"index.php:view-path","message":"Computed view path","data":{"cheminFichierVue":"C:\\xampp\\htdocs\\renaissance-front/Views/membre/profil.php","existsBeforeFallback":true},"timestamp":1774005738888}
{"sessionId":"575bc2","runId":"run-post-fix-1","hypothesisId":"H3","location":"index.php:fallback","message":"Final resolved view path","data":{"pageDemandeeFinale":"membre/profil","cheminFichierVueFinal":"C:\\xampp\\htdocs\\renaissance-front/Views/membre/profil.php","existsFinal":true},"timestamp":1774005738889}
{"sessionId":"575bc2","runId":"run-post-fix-1","hypothesisId":"H1","location":"index.php:bootstrap","message":"Front controller entry","data":{"dir":"C:\\xampp\\htdocs\\renaissance-front","uri":"/renaissance-front/index.php?page=membre/mes-enfants","queryPage":"membre/mes-enfants"},"timestamp":1774005738923}
{"sessionId":"575bc2","runId":"run-post-fix-1","hypothesisId":"H4","location":"index.php:sanitize","message":"Page demandee after sanitize","data":{"pageDemandee":"membre/mes-enfants"},"timestamp":1774005738924}
{"sessionId":"575bc2","runId":"run-post-fix-1","hypothesisId":"H4","location":"index.php:whitelist","message":"Whitelist resolution","data":{"pageDemandee":"membre/mes-enfants","inWhitelist":true},"timestamp":1774005738924}
{"sessionId":"575bc2","runId":"run-post-fix-1","hypothesisId":"H2","location":"index.php:view-path","message":"Computed view path","data":{"cheminFichierVue":"C:\\xampp\\htdocs\\renaissance-front/Views/membre/mes-enfants.php","existsBeforeFallback":true},"timestamp":1774005738925}
{"sessionId":"575bc2","runId":"run-post-fix-1","hypothesisId":"H3","location":"index.php:fallback","message":"Final resolved view path","data":{"pageDemandeeFinale":"membre/mes-enfants","cheminFichierVueFinal":"C:\\xampp\\htdocs\\renaissance-front/Views/membre/mes-enfants.php","existsFinal":true},"timestamp":1774005738925}
{"sessionId":"575bc2","runId":"run-post-fix-1","hypothesisId":"H1","location":"index.php:bootstrap","message":"Front controller entry","data":{"dir":"C:\\xampp\\htdocs\\renaissance-front","uri":"/renaissance-front/index.php?page=membre/inscriptions","queryPage":"membre/inscriptions"},"timestamp":1774005738970}
{"sessionId":"575bc2","runId":"run-post-fix-1","hypothesisId":"H4","location":"index.php:sanitize","message":"Page demandee after sanitize","data":{"pageDemandee":"membre/inscriptions"},"timestamp":1774005738970}
{"sessionId":"575bc2","runId":"run-post-fix-1","hypothesisId":"H4","location":"index.php:whitelist","message":"Whitelist resolution","data":{"pageDemandee":"membre/inscriptions","inWhitelist":true},"timestamp":1774005738971}
{"sessionId":"575bc2","runId":"run-post-fix-1","hypothesisId":"H2","location":"index.php:view-path","message":"Computed view path","data":{"cheminFichierVue":"C:\\xampp\\htdocs\\renaissance-front/Views/membre/inscriptions.php","existsBeforeFallback":true},"timestamp":1774005738972}
{"sessionId":"575bc2","runId":"run-post-fix-1","hypothesisId":"H3","location":"index.php:fallback","message":"Final resolved view path","data":{"pageDemandeeFinale":"membre/inscriptions","cheminFichierVueFinal":"C:\\xampp\\htdocs\\renaissance-front/Views/membre/inscriptions.php","existsFinal":true},"timestamp":1774005738972}
{"sessionId":"575bc2","runId":"run-post-fix-1","hypothesisId":"H1","location":"index.php:bootstrap","message":"Front controller entry","data":{"dir":"C:\\xampp\\htdocs\\renaissance-front","uri":"/renaissance-front/index.php?page=membre/cotisations","queryPage":"membre/cotisations"},"timestamp":1774005739010}
{"sessionId":"575bc2","runId":"run-post-fix-1","hypothesisId":"H4","location":"index.php:sanitize","message":"Page demandee after sanitize","data":{"pageDemandee":"membre/cotisations"},"timestamp":1774005739011}
{"sessionId":"575bc2","runId":"run-post-fix-1","hypothesisId":"H4","location":"index.php:whitelist","message":"Whitelist resolution","data":{"pageDemandee":"membre/cotisations","inWhitelist":true},"timestamp":1774005739011}
{"sessionId":"575bc2","runId":"run-post-fix-1","hypothesisId":"H2","location":"index.php:view-path","message":"Computed view path","data":{"cheminFichierVue":"C:\\xampp\\htdocs\\renaissance-front/Views/membre/cotisations.php","existsBeforeFallback":true},"timestamp":1774005739012}
{"sessionId":"575bc2","runId":"run-post-fix-1","hypothesisId":"H3","location":"index.php:fallback","message":"Final resolved view path","data":{"pageDemandeeFinale":"membre/cotisations","cheminFichierVueFinal":"C:\\xampp\\htdocs\\renaissance-front/Views/membre/cotisations.php","existsFinal":true},"timestamp":1774005739012}
{"sessionId":"575bc2","runId":"run-post-fix-1","hypothesisId":"H1","location":"index.php:bootstrap","message":"Front controller entry","data":{"dir":"C:\\xampp\\htdocs\\renaissance-front","uri":"/renaissance-front/index.php?page=membre/documents","queryPage":"membre/documents"},"timestamp":1774005739044}
{"sessionId":"575bc2","runId":"run-post-fix-1","hypothesisId":"H4","location":"index.php:sanitize","message":"Page demandee after sanitize","data":{"pageDemandee":"membre/documents"},"timestamp":1774005739045}
{"sessionId":"575bc2","runId":"run-post-fix-1","hypothesisId":"H4","location":"index.php:whitelist","message":"Whitelist resolution","data":{"pageDemandee":"membre/documents","inWhitelist":true},"timestamp":1774005739046}
{"sessionId":"575bc2","runId":"run-post-fix-1","hypothesisId":"H2","location":"index.php:view-path","message":"Computed view path","data":{"cheminFichierVue":"C:\\xampp\\htdocs\\renaissance-front/Views/membre/documents.php","existsBeforeFallback":true},"timestamp":1774005739046}
{"sessionId":"575bc2","runId":"run-post-fix-1","hypothesisId":"H3","location":"index.php:fallback","message":"Final resolved view path","data":{"pageDemandeeFinale":"membre/documents","cheminFichierVueFinal":"C:\\xampp\\htdocs\\renaissance-front/Views/membre/documents.php","existsFinal":true},"timestamp":1774005739046}
{"sessionId":"575bc2","runId":"run-post-fix-1","hypothesisId":"H1","location":"index.php:bootstrap","message":"Front controller entry","data":{"dir":"C:\\xampp\\htdocs\\renaissance-front","uri":"/renaissance-front/index.php?page=membre/calendrier","queryPage":"membre/calendrier"},"timestamp":1774005739094}
{"sessionId":"575bc2","runId":"run-post-fix-1","hypothesisId":"H4","location":"index.php:sanitize","message":"Page demandee after sanitize","data":{"pageDemandee":"membre/calendrier"},"timestamp":1774005739094}
{"sessionId":"575bc2","runId":"run-post-fix-1","hypothesisId":"H4","location":"index.php:whitelist","message":"Whitelist resolution","data":{"pageDemandee":"membre/calendrier","inWhitelist":true},"timestamp":1774005739095}
{"sessionId":"575bc2","runId":"run-post-fix-1","hypothesisId":"H2","location":"index.php:view-path","message":"Computed view path","data":{"cheminFichierVue":"C:\\xampp\\htdocs\\renaissance-front/Views/membre/calendrier.php","existsBeforeFallback":true},"timestamp":1774005739096}
{"sessionId":"575bc2","runId":"run-post-fix-1","hypothesisId":"H3","location":"index.php:fallback","message":"Final resolved view path","data":{"pageDemandeeFinale":"membre/calendrier","cheminFichierVueFinal":"C:\\xampp\\htdocs\\renaissance-front/Views/membre/calendrier.php","existsFinal":true},"timestamp":1774005739096}
{"sessionId":"575bc2","runId":"run-post-fix-1","hypothesisId":"H1","location":"index.php:bootstrap","message":"Front controller entry","data":{"dir":"C:\\xampp\\htdocs\\renaissance-front","uri":"/renaissance-front/index.php?page=gestion/membres","queryPage":"gestion/membres"},"timestamp":1774005739130}
{"sessionId":"575bc2","runId":"run-post-fix-1","hypothesisId":"H4","location":"index.php:sanitize","message":"Page demandee after sanitize","data":{"pageDemandee":"gestion/membres"},"timestamp":1774005739131}
{"sessionId":"575bc2","runId":"run-post-fix-1","hypothesisId":"H4","location":"index.php:whitelist","message":"Whitelist resolution","data":{"pageDemandee":"gestion/membres","inWhitelist":true},"timestamp":1774005739131}
{"sessionId":"575bc2","runId":"run-post-fix-1","hypothesisId":"H2","location":"index.php:view-path","message":"Computed view path","data":{"cheminFichierVue":"C:\\xampp\\htdocs\\renaissance-front/Views/gestion/membres.php","existsBeforeFallback":true},"timestamp":1774005739132}
{"sessionId":"575bc2","runId":"run-post-fix-1","hypothesisId":"H3","location":"index.php:fallback","message":"Final resolved view path","data":{"pageDemandeeFinale":"gestion/membres","cheminFichierVueFinal":"C:\\xampp\\htdocs\\renaissance-front/Views/gestion/membres.php","existsFinal":true},"timestamp":1774005739132}
{"sessionId":"575bc2","runId":"run-post-fix-1","hypothesisId":"H1","location":"index.php:bootstrap","message":"Front controller entry","data":{"dir":"C:\\xampp\\htdocs\\renaissance-front","uri":"/renaissance-front/index.php?page=gestion/inscriptions","queryPage":"gestion/inscriptions"},"timestamp":1774005739179}
{"sessionId":"575bc2","runId":"run-post-fix-1","hypothesisId":"H4","location":"index.php:sanitize","message":"Page demandee after sanitize","data":{"pageDemandee":"gestion/inscriptions"},"timestamp":1774005739179}
{"sessionId":"575bc2","runId":"run-post-fix-1","hypothesisId":"H4","location":"index.php:whitelist","message":"Whitelist resolution","data":{"pageDemandee":"gestion/inscriptions","inWhitelist":true},"timestamp":1774005739180}
{"sessionId":"575bc2","runId":"run-post-fix-1","hypothesisId":"H2","location":"index.php:view-path","message":"Computed view path","data":{"cheminFichierVue":"C:\\xampp\\htdocs\\renaissance-front/Views/gestion/inscriptions.php","existsBeforeFallback":true},"timestamp":1774005739181}
{"sessionId":"575bc2","runId":"run-post-fix-1","hypothesisId":"H3","location":"index.php:fallback","message":"Final resolved view path","data":{"pageDemandeeFinale":"gestion/inscriptions","cheminFichierVueFinal":"C:\\xampp\\htdocs\\renaissance-front/Views/gestion/inscriptions.php","existsFinal":true},"timestamp":1774005739181}
{"sessionId":"575bc2","runId":"run-post-fix-1","hypothesisId":"H1","location":"index.php:bootstrap","message":"Front controller entry","data":{"dir":"C:\\xampp\\htdocs\\renaissance-front","uri":"/renaissance-front/index.php?page=gestion/activites","queryPage":"gestion/activites"},"timestamp":1774005739216}
{"sessionId":"575bc2","runId":"run-post-fix-1","hypothesisId":"H4","location":"index.php:sanitize","message":"Page demandee after sanitize","data":{"pageDemandee":"gestion/activites"},"timestamp":1774005739217}
{"sessionId":"575bc2","runId":"run-post-fix-1","hypothesisId":"H4","location":"index.php:whitelist","message":"Whitelist resolution","data":{"pageDemandee":"gestion/activites","inWhitelist":true},"timestamp":1774005739217}
{"sessionId":"575bc2","runId":"run-post-fix-1","hypothesisId":"H2","location":"index.php:view-path","message":"Computed view path","data":{"cheminFichierVue":"C:\\xampp\\htdocs\\renaissance-front/Views/gestion/activites.php","existsBeforeFallback":true},"timestamp":1774005739218}
{"sessionId":"575bc2","runId":"run-post-fix-1","hypothesisId":"H3","location":"index.php:fallback","message":"Final resolved view path","data":{"pageDemandeeFinale":"gestion/activites","cheminFichierVueFinal":"C:\\xampp\\htdocs\\renaissance-front/Views/gestion/activites.php","existsFinal":true},"timestamp":1774005739218}
{"sessionId":"575bc2","runId":"run-post-fix-1","hypothesisId":"H1","location":"index.php:bootstrap","message":"Front controller entry","data":{"dir":"C:\\xampp\\htdocs\\renaissance-front","uri":"/renaissance-front/index.php?page=gestion/classes","queryPage":"gestion/classes"},"timestamp":1774005739252}
{"sessionId":"575bc2","runId":"run-post-fix-1","hypothesisId":"H4","location":"index.php:sanitize","message":"Page demandee after sanitize","data":{"pageDemandee":"gestion/classes"},"timestamp":1774005739253}
{"sessionId":"575bc2","runId":"run-post-fix-1","hypothesisId":"H4","location":"index.php:whitelist","message":"Whitelist resolution","data":{"pageDemandee":"gestion/classes","inWhitelist":true},"timestamp":1774005739253}
{"sessionId":"575bc2","runId":"run-post-fix-1","hypothesisId":"H2","location":"index.php:view-path","message":"Computed view path","data":{"cheminFichierVue":"C:\\xampp\\htdocs\\renaissance-front/Views/gestion/classes.php","existsBeforeFallback":true},"timestamp":1774005739254}
{"sessionId":"575bc2","runId":"run-post-fix-1","hypothesisId":"H3","location":"index.php:fallback","message":"Final resolved view path","data":{"pageDemandeeFinale":"gestion/classes","cheminFichierVueFinal":"C:\\xampp\\htdocs\\renaissance-front/Views/gestion/classes.php","existsFinal":true},"timestamp":1774005739254}
{"sessionId":"575bc2","runId":"run-post-fix-1","hypothesisId":"H1","location":"index.php:bootstrap","message":"Front controller entry","data":{"dir":"C:\\xampp\\htdocs\\renaissance-front","uri":"/renaissance-front/index.php?page=gestion/paiements","queryPage":"gestion/paiements"},"timestamp":1774005739302}
{"sessionId":"575bc2","runId":"run-post-fix-1","hypothesisId":"H4","location":"index.php:sanitize","message":"Page demandee after sanitize","data":{"pageDemandee":"gestion/paiements"},"timestamp":1774005739303}
{"sessionId":"575bc2","runId":"run-post-fix-1","hypothesisId":"H4","location":"index.php:whitelist","message":"Whitelist resolution","data":{"pageDemandee":"gestion/paiements","inWhitelist":true},"timestamp":1774005739304}
{"sessionId":"575bc2","runId":"run-post-fix-1","hypothesisId":"H2","location":"index.php:view-path","message":"Computed view path","data":{"cheminFichierVue":"C:\\xampp\\htdocs\\renaissance-front/Views/gestion/paiements.php","existsBeforeFallback":true},"timestamp":1774005739304}
{"sessionId":"575bc2","runId":"run-post-fix-1","hypothesisId":"H3","location":"index.php:fallback","message":"Final resolved view path","data":{"pageDemandeeFinale":"gestion/paiements","cheminFichierVueFinal":"C:\\xampp\\htdocs\\renaissance-front/Views/gestion/paiements.php","existsFinal":true},"timestamp":1774005739305}
{"sessionId":"575bc2","runId":"run-post-fix-1","hypothesisId":"H1","location":"index.php:bootstrap","message":"Front controller entry","data":{"dir":"C:\\xampp\\htdocs\\renaissance-front","uri":"/renaissance-front/index.php?page=gestion/enseignement","queryPage":"gestion/enseignement"},"timestamp":1774005739343}
{"sessionId":"575bc2","runId":"run-post-fix-1","hypothesisId":"H4","location":"index.php:sanitize","message":"Page demandee after sanitize","data":{"pageDemandee":"gestion/enseignement"},"timestamp":1774005739343}
{"sessionId":"575bc2","runId":"run-post-fix-1","hypothesisId":"H4","location":"index.php:whitelist","message":"Whitelist resolution","data":{"pageDemandee":"gestion/enseignement","inWhitelist":true},"timestamp":1774005739344}
{"sessionId":"575bc2","runId":"run-post-fix-1","hypothesisId":"H2","location":"index.php:view-path","message":"Computed view path","data":{"cheminFichierVue":"C:\\xampp\\htdocs\\renaissance-front/Views/gestion/enseignement.php","existsBeforeFallback":true},"timestamp":1774005739345}
{"sessionId":"575bc2","runId":"run-post-fix-1","hypothesisId":"H3","location":"index.php:fallback","message":"Final resolved view path","data":{"pageDemandeeFinale":"gestion/enseignement","cheminFichierVueFinal":"C:\\xampp\\htdocs\\renaissance-front/Views/gestion/enseignement.php","existsFinal":true},"timestamp":1774005739346}
{"sessionId":"575bc2","runId":"run-post-fix-1","hypothesisId":"H1","location":"index.php:bootstrap","message":"Front controller entry","data":{"dir":"C:\\xampp\\htdocs\\renaissance-front","uri":"/renaissance-front/","queryPage":null},"timestamp":1774005790520}
{"sessionId":"575bc2","runId":"run-post-fix-1","hypothesisId":"H4","location":"index.php:sanitize","message":"Page demandee after sanitize","data":{"pageDemandee":"accueil"},"timestamp":1774005790520}
{"sessionId":"575bc2","runId":"run-post-fix-1","hypothesisId":"H4","location":"index.php:whitelist","message":"Whitelist resolution","data":{"pageDemandee":"accueil","inWhitelist":true},"timestamp":1774005790521}
{"sessionId":"575bc2","runId":"run-post-fix-1","hypothesisId":"H2","location":"index.php:view-path","message":"Computed view path","data":{"cheminFichierVue":"C:\\xampp\\htdocs\\renaissance-front/Views/accueil.php","existsBeforeFallback":true},"timestamp":1774005790522}
{"sessionId":"575bc2","runId":"run-post-fix-1","hypothesisId":"H3","location":"index.php:fallback","message":"Final resolved view path","data":{"pageDemandeeFinale":"accueil","cheminFichierVueFinal":"C:\\xampp\\htdocs\\renaissance-front/Views/accueil.php","existsFinal":true},"timestamp":1774005790523}
{"sessionId":"575bc2","runId":"run-post-fix-1","hypothesisId":"H1","location":"index.php:bootstrap","message":"Front controller entry","data":{"dir":"C:\\xampp\\htdocs\\renaissance-front","uri":"/renaissance-front/index.php?page=login","queryPage":"login"},"timestamp":1774005794424}
{"sessionId":"575bc2","runId":"run-post-fix-1","hypothesisId":"H4","location":"index.php:sanitize","message":"Page demandee after sanitize","data":{"pageDemandee":"login"},"timestamp":1774005794424}
{"sessionId":"575bc2","runId":"run-post-fix-1","hypothesisId":"H4","location":"index.php:whitelist","message":"Whitelist resolution","data":{"pageDemandee":"login","inWhitelist":true},"timestamp":1774005794425}
{"sessionId":"575bc2","runId":"run-post-fix-1","hypothesisId":"H2","location":"index.php:view-path","message":"Computed view path","data":{"cheminFichierVue":"C:\\xampp\\htdocs\\renaissance-front/Views/login.php","existsBeforeFallback":true},"timestamp":1774005794425}
{"sessionId":"575bc2","runId":"run-post-fix-1","hypothesisId":"H3","location":"index.php:fallback","message":"Final resolved view path","data":{"pageDemandeeFinale":"login","cheminFichierVueFinal":"C:\\xampp\\htdocs\\renaissance-front/Views/login.php","existsFinal":true},"timestamp":1774005794426}
{"sessionId":"575bc2","runId":"run-post-fix-1","hypothesisId":"H1","location":"index.php:bootstrap","message":"Front controller entry","data":{"dir":"C:\\xampp\\htdocs\\renaissance-front","uri":"/renaissance-front/index.php?page=membre/dashboard","queryPage":"membre/dashboard"},"timestamp":1774005798553}
{"sessionId":"575bc2","runId":"run-post-fix-1","hypothesisId":"H4","location":"index.php:sanitize","message":"Page demandee after sanitize","data":{"pageDemandee":"membre/dashboard"},"timestamp":1774005798554}
{"sessionId":"575bc2","runId":"run-post-fix-1","hypothesisId":"H4","location":"index.php:whitelist","message":"Whitelist resolution","data":{"pageDemandee":"membre/dashboard","inWhitelist":true},"timestamp":1774005798554}
{"sessionId":"575bc2","runId":"run-post-fix-1","hypothesisId":"H2","location":"index.php:view-path","message":"Computed view path","data":{"cheminFichierVue":"C:\\xampp\\htdocs\\renaissance-front/Views/membre/dashboard.php","existsBeforeFallback":true},"timestamp":1774005798555}
{"sessionId":"575bc2","runId":"run-post-fix-1","hypothesisId":"H3","location":"index.php:fallback","message":"Final resolved view path","data":{"pageDemandeeFinale":"membre/dashboard","cheminFichierVueFinal":"C:\\xampp\\htdocs\\renaissance-front/Views/membre/dashboard.php","existsFinal":true},"timestamp":1774005798556}
{"sessionId":"575bc2","runId":"run-post-fix-1","hypothesisId":"H1","location":"index.php:bootstrap","message":"Front controller entry","data":{"dir":"C:\\xampp\\htdocs\\renaissance-front","uri":"/renaissance-front/index.php?page=gestion/enseignement","queryPage":"gestion/enseignement"},"timestamp":1774005799930}
{"sessionId":"575bc2","runId":"run-post-fix-1","hypothesisId":"H4","location":"index.php:sanitize","message":"Page demandee after sanitize","data":{"pageDemandee":"gestion/enseignement"},"timestamp":1774005799930}
{"sessionId":"575bc2","runId":"run-post-fix-1","hypothesisId":"H4","location":"index.php:whitelist","message":"Whitelist resolution","data":{"pageDemandee":"gestion/enseignement","inWhitelist":true},"timestamp":1774005799931}
{"sessionId":"575bc2","runId":"run-post-fix-1","hypothesisId":"H2","location":"index.php:view-path","message":"Computed view path","data":{"cheminFichierVue":"C:\\xampp\\htdocs\\renaissance-front/Views/gestion/enseignement.php","existsBeforeFallback":true},"timestamp":1774005799944}
{"sessionId":"575bc2","runId":"run-post-fix-1","hypothesisId":"H3","location":"index.php:fallback","message":"Final resolved view path","data":{"pageDemandeeFinale":"gestion/enseignement","cheminFichierVueFinal":"C:\\xampp\\htdocs\\renaissance-front/Views/gestion/enseignement.php","existsFinal":true},"timestamp":1774005799945}
{"sessionId":"575bc2","runId":"run-post-fix-1","hypothesisId":"H1","location":"index.php:bootstrap","message":"Front controller entry","data":{"dir":"C:\\xampp\\htdocs\\renaissance-front","uri":"/renaissance-front/index.php?page=membre/inscriptions","queryPage":"membre/inscriptions"},"timestamp":1774005801869}
{"sessionId":"575bc2","runId":"run-post-fix-1","hypothesisId":"H4","location":"index.php:sanitize","message":"Page demandee after sanitize","data":{"pageDemandee":"membre/inscriptions"},"timestamp":1774005801869}
{"sessionId":"575bc2","runId":"run-post-fix-1","hypothesisId":"H4","location":"index.php:whitelist","message":"Whitelist resolution","data":{"pageDemandee":"membre/inscriptions","inWhitelist":true},"timestamp":1774005801870}
{"sessionId":"575bc2","runId":"run-post-fix-1","hypothesisId":"H2","location":"index.php:view-path","message":"Computed view path","data":{"cheminFichierVue":"C:\\xampp\\htdocs\\renaissance-front/Views/membre/inscriptions.php","existsBeforeFallback":true},"timestamp":1774005801870}
{"sessionId":"575bc2","runId":"run-post-fix-1","hypothesisId":"H3","location":"index.php:fallback","message":"Final resolved view path","data":{"pageDemandeeFinale":"membre/inscriptions","cheminFichierVueFinal":"C:\\xampp\\htdocs\\renaissance-front/Views/membre/inscriptions.php","existsFinal":true},"timestamp":1774005801871}
{"sessionId":"575bc2","runId":"run-post-fix-1","hypothesisId":"H1","location":"index.php:bootstrap","message":"Front controller entry","data":{"dir":"C:\\xampp\\htdocs\\renaissance-front","uri":"/renaissance-front/index.php?page=membre/mes-enfants","queryPage":"membre/mes-enfants"},"timestamp":1774005802422}
{"sessionId":"575bc2","runId":"run-post-fix-1","hypothesisId":"H4","location":"index.php:sanitize","message":"Page demandee after sanitize","data":{"pageDemandee":"membre/mes-enfants"},"timestamp":1774005802422}
{"sessionId":"575bc2","runId":"run-post-fix-1","hypothesisId":"H4","location":"index.php:whitelist","message":"Whitelist resolution","data":{"pageDemandee":"membre/mes-enfants","inWhitelist":true},"timestamp":1774005802423}
{"sessionId":"575bc2","runId":"run-post-fix-1","hypothesisId":"H2","location":"index.php:view-path","message":"Computed view path","data":{"cheminFichierVue":"C:\\xampp\\htdocs\\renaissance-front/Views/membre/mes-enfants.php","existsBeforeFallback":true},"timestamp":1774005802423}
{"sessionId":"575bc2","runId":"run-post-fix-1","hypothesisId":"H3","location":"index.php:fallback","message":"Final resolved view path","data":{"pageDemandeeFinale":"membre/mes-enfants","cheminFichierVueFinal":"C:\\xampp\\htdocs\\renaissance-front/Views/membre/mes-enfants.php","existsFinal":true},"timestamp":1774005802424}
{"sessionId":"575bc2","runId":"run-post-fix-1","hypothesisId":"H1","location":"index.php:bootstrap","message":"Front controller entry","data":{"dir":"C:\\xampp\\htdocs\\renaissance-front","uri":"/renaissance-front/index.php?page=membre/cotisations","queryPage":"membre/cotisations"},"timestamp":1774005802918}
{"sessionId":"575bc2","runId":"run-post-fix-1","hypothesisId":"H4","location":"index.php:sanitize","message":"Page demandee after sanitize","data":{"pageDemandee":"membre/cotisations"},"timestamp":1774005802919}
{"sessionId":"575bc2","runId":"run-post-fix-1","hypothesisId":"H4","location":"index.php:whitelist","message":"Whitelist resolution","data":{"pageDemandee":"membre/cotisations","inWhitelist":true},"timestamp":1774005802919}
{"sessionId":"575bc2","runId":"run-post-fix-1","hypothesisId":"H2","location":"index.php:view-path","message":"Computed view path","data":{"cheminFichierVue":"C:\\xampp\\htdocs\\renaissance-front/Views/membre/cotisations.php","existsBeforeFallback":true},"timestamp":1774005802920}
{"sessionId":"575bc2","runId":"run-post-fix-1","hypothesisId":"H3","location":"index.php:fallback","message":"Final resolved view path","data":{"pageDemandeeFinale":"membre/cotisations","cheminFichierVueFinal":"C:\\xampp\\htdocs\\renaissance-front/Views/membre/cotisations.php","existsFinal":true},"timestamp":1774005802920}
{"sessionId":"575bc2","runId":"run-post-fix-1","hypothesisId":"H1","location":"index.php:bootstrap","message":"Front controller entry","data":{"dir":"C:\\xampp\\htdocs\\renaissance-front","uri":"/renaissance-front/index.php?page=membre/documents","queryPage":"membre/documents"},"timestamp":1774005803534}
{"sessionId":"575bc2","runId":"run-post-fix-1","hypothesisId":"H4","location":"index.php:sanitize","message":"Page demandee after sanitize","data":{"pageDemandee":"membre/documents"},"timestamp":1774005803535}
{"sessionId":"575bc2","runId":"run-post-fix-1","hypothesisId":"H4","location":"index.php:whitelist","message":"Whitelist resolution","data":{"pageDemandee":"membre/documents","inWhitelist":true},"timestamp":1774005803536}
{"sessionId":"575bc2","runId":"run-post-fix-1","hypothesisId":"H2","location":"index.php:view-path","message":"Computed view path","data":{"cheminFichierVue":"C:\\xampp\\htdocs\\renaissance-front/Views/membre/documents.php","existsBeforeFallback":true},"timestamp":1774005803537}
{"sessionId":"575bc2","runId":"run-post-fix-1","hypothesisId":"H3","location":"index.php:fallback","message":"Final resolved view path","data":{"pageDemandeeFinale":"membre/documents","cheminFichierVueFinal":"C:\\xampp\\htdocs\\renaissance-front/Views/membre/documents.php","existsFinal":true},"timestamp":1774005803537}
{"sessionId":"575bc2","runId":"run-post-fix-1","hypothesisId":"H1","location":"index.php:bootstrap","message":"Front controller entry","data":{"dir":"C:\\xampp\\htdocs\\renaissance-front","uri":"/renaissance-front/index.php?page=membre/calendrier","queryPage":"membre/calendrier"},"timestamp":1774005804132}
{"sessionId":"575bc2","runId":"run-post-fix-1","hypothesisId":"H4","location":"index.php:sanitize","message":"Page demandee after sanitize","data":{"pageDemandee":"membre/calendrier"},"timestamp":1774005804133}
{"sessionId":"575bc2","runId":"run-post-fix-1","hypothesisId":"H4","location":"index.php:whitelist","message":"Whitelist resolution","data":{"pageDemandee":"membre/calendrier","inWhitelist":true},"timestamp":1774005804133}
{"sessionId":"575bc2","runId":"run-post-fix-1","hypothesisId":"H2","location":"index.php:view-path","message":"Computed view path","data":{"cheminFichierVue":"C:\\xampp\\htdocs\\renaissance-front/Views/membre/calendrier.php","existsBeforeFallback":true},"timestamp":1774005804134}
{"sessionId":"575bc2","runId":"run-post-fix-1","hypothesisId":"H3","location":"index.php:fallback","message":"Final resolved view path","data":{"pageDemandeeFinale":"membre/calendrier","cheminFichierVueFinal":"C:\\xampp\\htdocs\\renaissance-front/Views/membre/calendrier.php","existsFinal":true},"timestamp":1774005804136}
{"sessionId":"575bc2","runId":"run-post-fix-1","hypothesisId":"H1","location":"index.php:bootstrap","message":"Front controller entry","data":{"dir":"C:\\xampp\\htdocs\\renaissance-front","uri":"/renaissance-front/index.php?page=membre/profil","queryPage":"membre/profil"},"timestamp":1774005805197}
{"sessionId":"575bc2","runId":"run-post-fix-1","hypothesisId":"H4","location":"index.php:sanitize","message":"Page demandee after sanitize","data":{"pageDemandee":"membre/profil"},"timestamp":1774005805197}
{"sessionId":"575bc2","runId":"run-post-fix-1","hypothesisId":"H4","location":"index.php:whitelist","message":"Whitelist resolution","data":{"pageDemandee":"membre/profil","inWhitelist":true},"timestamp":1774005805198}
{"sessionId":"575bc2","runId":"run-post-fix-1","hypothesisId":"H2","location":"index.php:view-path","message":"Computed view path","data":{"cheminFichierVue":"C:\\xampp\\htdocs\\renaissance-front/Views/membre/profil.php","existsBeforeFallback":true},"timestamp":1774005805199}
{"sessionId":"575bc2","runId":"run-post-fix-1","hypothesisId":"H3","location":"index.php:fallback","message":"Final resolved view path","data":{"pageDemandeeFinale":"membre/profil","cheminFichierVueFinal":"C:\\xampp\\htdocs\\renaissance-front/Views/membre/profil.php","existsFinal":true},"timestamp":1774005805199}
{"sessionId":"575bc2","runId":"run-post-fix-1","hypothesisId":"H1","location":"index.php:bootstrap","message":"Front controller entry","data":{"dir":"C:\\xampp\\htdocs\\renaissance-front","uri":"/renaissance-front/index.php?page=membre/dashboard","queryPage":"membre/dashboard"},"timestamp":1774005806375}
{"sessionId":"575bc2","runId":"run-post-fix-1","hypothesisId":"H4","location":"index.php:sanitize","message":"Page demandee after sanitize","data":{"pageDemandee":"membre/dashboard"},"timestamp":1774005806375}
{"sessionId":"575bc2","runId":"run-post-fix-1","hypothesisId":"H4","location":"index.php:whitelist","message":"Whitelist resolution","data":{"pageDemandee":"membre/dashboard","inWhitelist":true},"timestamp":1774005806376}
{"sessionId":"575bc2","runId":"run-post-fix-1","hypothesisId":"H2","location":"index.php:view-path","message":"Computed view path","data":{"cheminFichierVue":"C:\\xampp\\htdocs\\renaissance-front/Views/membre/dashboard.php","existsBeforeFallback":true},"timestamp":1774005806376}
{"sessionId":"575bc2","runId":"run-post-fix-1","hypothesisId":"H3","location":"index.php:fallback","message":"Final resolved view path","data":{"pageDemandeeFinale":"membre/dashboard","cheminFichierVueFinal":"C:\\xampp\\htdocs\\renaissance-front/Views/membre/dashboard.php","existsFinal":true},"timestamp":1774005806377}
{"sessionId":"575bc2","runId":"run-post-fix-1","hypothesisId":"H1","location":"index.php:bootstrap","message":"Front controller entry","data":{"dir":"C:\\xampp\\htdocs\\renaissance-front","uri":"/renaissance-front/index.php?page=membre/mes-enfants","queryPage":"membre/mes-enfants"},"timestamp":1774005807663}
{"sessionId":"575bc2","runId":"run-post-fix-1","hypothesisId":"H4","location":"index.php:sanitize","message":"Page demandee after sanitize","data":{"pageDemandee":"membre/mes-enfants"},"timestamp":1774005807664}
{"sessionId":"575bc2","runId":"run-post-fix-1","hypothesisId":"H4","location":"index.php:whitelist","message":"Whitelist resolution","data":{"pageDemandee":"membre/mes-enfants","inWhitelist":true},"timestamp":1774005807664}
{"sessionId":"575bc2","runId":"run-post-fix-1","hypothesisId":"H2","location":"index.php:view-path","message":"Computed view path","data":{"cheminFichierVue":"C:\\xampp\\htdocs\\renaissance-front/Views/membre/mes-enfants.php","existsBeforeFallback":true},"timestamp":1774005807665}
{"sessionId":"575bc2","runId":"run-post-fix-1","hypothesisId":"H3","location":"index.php:fallback","message":"Final resolved view path","data":{"pageDemandeeFinale":"membre/mes-enfants","cheminFichierVueFinal":"C:\\xampp\\htdocs\\renaissance-front/Views/membre/mes-enfants.php","existsFinal":true},"timestamp":1774005807665}
{"sessionId":"575bc2","runId":"run-post-fix-1","hypothesisId":"H1","location":"index.php:bootstrap","message":"Front controller entry","data":{"dir":"C:\\xampp\\htdocs\\renaissance-front","uri":"/renaissance-front/index.php?page=gestion/inscriptions","queryPage":"gestion/inscriptions"},"timestamp":1774005809832}
{"sessionId":"575bc2","runId":"run-post-fix-1","hypothesisId":"H4","location":"index.php:sanitize","message":"Page demandee after sanitize","data":{"pageDemandee":"gestion/inscriptions"},"timestamp":1774005809832}
{"sessionId":"575bc2","runId":"run-post-fix-1","hypothesisId":"H4","location":"index.php:whitelist","message":"Whitelist resolution","data":{"pageDemandee":"gestion/inscriptions","inWhitelist":true},"timestamp":1774005809833}
{"sessionId":"575bc2","runId":"run-post-fix-1","hypothesisId":"H2","location":"index.php:view-path","message":"Computed view path","data":{"cheminFichierVue":"C:\\xampp\\htdocs\\renaissance-front/Views/gestion/inscriptions.php","existsBeforeFallback":true},"timestamp":1774005809833}
{"sessionId":"575bc2","runId":"run-post-fix-1","hypothesisId":"H3","location":"index.php:fallback","message":"Final resolved view path","data":{"pageDemandeeFinale":"gestion/inscriptions","cheminFichierVueFinal":"C:\\xampp\\htdocs\\renaissance-front/Views/gestion/inscriptions.php","existsFinal":true},"timestamp":1774005809834}
{"sessionId":"575bc2","runId":"run-post-fix-1","hypothesisId":"H1","location":"index.php:bootstrap","message":"Front controller entry","data":{"dir":"C:\\xampp\\htdocs\\renaissance-front","uri":"/renaissance-front/index.php?page=membre/cotisations","queryPage":"membre/cotisations"},"timestamp":1774005810575}
{"sessionId":"575bc2","runId":"run-post-fix-1","hypothesisId":"H4","location":"index.php:sanitize","message":"Page demandee after sanitize","data":{"pageDemandee":"membre/cotisations"},"timestamp":1774005810576}
{"sessionId":"575bc2","runId":"run-post-fix-1","hypothesisId":"H4","location":"index.php:whitelist","message":"Whitelist resolution","data":{"pageDemandee":"membre/cotisations","inWhitelist":true},"timestamp":1774005810576}
{"sessionId":"575bc2","runId":"run-post-fix-1","hypothesisId":"H2","location":"index.php:view-path","message":"Computed view path","data":{"cheminFichierVue":"C:\\xampp\\htdocs\\renaissance-front/Views/membre/cotisations.php","existsBeforeFallback":true},"timestamp":1774005810576}
{"sessionId":"575bc2","runId":"run-post-fix-1","hypothesisId":"H3","location":"index.php:fallback","message":"Final resolved view path","data":{"pageDemandeeFinale":"membre/cotisations","cheminFichierVueFinal":"C:\\xampp\\htdocs\\renaissance-front/Views/membre/cotisations.php","existsFinal":true},"timestamp":1774005810577}
{"sessionId":"575bc2","runId":"run-post-fix-1","hypothesisId":"H1","location":"index.php:bootstrap","message":"Front controller entry","data":{"dir":"C:\\xampp\\htdocs\\renaissance-front","uri":"/renaissance-front/index.php?page=membre/mes-enfants","queryPage":"membre/mes-enfants"},"timestamp":1774005811252}
{"sessionId":"575bc2","runId":"run-post-fix-1","hypothesisId":"H4","location":"index.php:sanitize","message":"Page demandee after sanitize","data":{"pageDemandee":"membre/mes-enfants"},"timestamp":1774005811252}
{"sessionId":"575bc2","runId":"run-post-fix-1","hypothesisId":"H4","location":"index.php:whitelist","message":"Whitelist resolution","data":{"pageDemandee":"membre/mes-enfants","inWhitelist":true},"timestamp":1774005811253}
{"sessionId":"575bc2","runId":"run-post-fix-1","hypothesisId":"H2","location":"index.php:view-path","message":"Computed view path","data":{"cheminFichierVue":"C:\\xampp\\htdocs\\renaissance-front/Views/membre/mes-enfants.php","existsBeforeFallback":true},"timestamp":1774005811253}
{"sessionId":"575bc2","runId":"run-post-fix-1","hypothesisId":"H3","location":"index.php:fallback","message":"Final resolved view path","data":{"pageDemandeeFinale":"membre/mes-enfants","cheminFichierVueFinal":"C:\\xampp\\htdocs\\renaissance-front/Views/membre/mes-enfants.php","existsFinal":true},"timestamp":1774005811254}
